[ERROR] 2019-12-09 14:08:12.091 [main] PasswordOk - Try again: Password Should be longer than 8 Characters.
Try again: Password does not have a digit.
Try again: Password does not have special character.
[ERROR] 2019-12-10 09:45:39.822 [main] PasswordOk - Try again: Password Should be longer than 8 Characters.
Try again: Password does not have a digit.
Try again: Password does not have special character.
[ERROR] 2019-12-10 09:45:39.822 [main] PasswordOk - Try again: Password Should be longer than 8 Characters.
Try again: Password does not have a digit.
Try again: Password does not have special character.
[ERROR] 2019-12-10 09:46:07.901 [main] PasswordOk - 
[ERROR] 2019-12-10 09:46:28.510 [main] PasswordOk - 
[ERROR] 2019-12-10 09:47:09.380 [main] PasswordOk - 
[ERROR] 2019-12-10 09:47:18.451 [main] PasswordOk - Try again: Password Should be longer than 8 Characters.
Try again: Password does not have a digit.
Try again: Password does not have lowercase.
Try again: Password does not have special character.
[ERROR] 2019-12-10 09:49:22.723 [main] PasswordOk - Try again: Password Should be longer than 8 Characters.
Try again: Password does not have a digit.
Try again: Password does not have lowercase.
Try again: Password does not have special character.
[DEBUG] 2019-12-10 09:49:22.727 [main] PasswordOk - User password is not okay.
[ERROR] 2020-01-09 10:38:28.876 [main] PasswordOk - Try again: Password Should be longer than 8 Characters.
Try again: Password does not have a digit.
Try again: Password does not have lowercase.
Try again: Password does not have special character.
[DEBUG] 2020-01-09 10:38:28.893 [main] PasswordOk - User password is not okay.
[ERROR] 2020-01-13 16:46:06.525 [main] PasswordOk - Try again: Password Should be longer than 8 Characters.
Try again: Password does not have a digit.
Try again: Password does not have lowercase.
Try again: Password does not have special character.
[ERROR] 2020-01-13 16:49:01.045 [main] PasswordOk - Try again: Password Should be longer than 8 Characters.

[ERROR] 2020-01-13 16:49:01.062 [main] PasswordOk - Try again: Password does not have a digit.

[ERROR] 2020-01-13 16:49:01.062 [main] PasswordOk - Try again: Password does not have lowercase.

[ERROR] 2020-01-13 16:49:01.063 [main] PasswordOk - Try again: Password does not have special character.
[ERROR] 2020-01-13 16:49:01.064 [main] PasswordOk - 
[ERROR] 2020-01-13 16:49:31.692 [main] PasswordOk - Try again: Password Should be longer than 8 Characters.
[ERROR] 2020-01-13 16:49:31.707 [main] PasswordOk - Try again: Password does not have a digit.
[ERROR] 2020-01-13 16:49:31.708 [main] PasswordOk - Try again: Password does not have lowercase.
[ERROR] 2020-01-13 16:49:31.708 [main] PasswordOk - Try again: Password does not have special character.
[ERROR] 2020-01-13 16:49:31.709 [main] PasswordOk - 
[ERROR] 2020-01-13 16:51:11.287 [main] PasswordOk - Try again: Password Should be longer than 8 Characters.
[ERROR] 2020-01-13 16:51:11.313 [main] PasswordOk - Try again: Password does not have a digit.
[ERROR] 2020-01-13 16:51:11.313 [main] PasswordOk - Try again: Password does not have lowercase.
[ERROR] 2020-01-13 16:51:11.314 [main] PasswordOk - Try again: Password does not have special character.
[ERROR] 2020-01-13 16:51:11.315 [main] PasswordOk - 
[ERROR] 2020-01-13 16:55:04.209 [main] PasswordOk - Try again: Password Should be longer than 8 Characters.
[ERROR] 2020-01-13 16:55:04.236 [main] PasswordOk - Try again: Password does not have a digit.
[ERROR] 2020-01-13 16:55:04.237 [main] PasswordOk - Try again: Password does not have lowercase.
[ERROR] 2020-01-13 16:55:04.238 [main] PasswordOk - Try again: Password does not have special character.
[ERROR] 2020-01-13 16:55:52.073 [main] PasswordOk - Try again: Password Should be longer than 8 Characters.
[ERROR] 2020-01-13 16:55:52.083 [main] PasswordOk - Try again: Password does not have a digit.
[ERROR] 2020-01-13 16:55:52.084 [main] PasswordOk - Try again: Password does not have lowercase.
[ERROR] 2020-01-13 16:55:52.084 [main] PasswordOk - Try again: Password does not have special character.
[DEBUG] 2020-01-13 16:55:52.085 [main] PasswordOk - User password is not okay.
[ERROR] 2020-01-13 16:57:31.975 [main] PasswordOk - Try again: Password Should be longer than 8 Characters.
[ERROR] 2020-01-13 16:57:31.988 [main] PasswordOk - Try again: Password does not have a digit.
[ERROR] 2020-01-13 16:57:31.989 [main] PasswordOk - Try again: Password does not have lowercase.
[ERROR] 2020-01-13 16:57:31.989 [main] PasswordOk - Try again: Password does not have special character.
[ERROR] 2020-01-13 20:48:29.841 [main] PasswordOk - Try again: Password Should be longer than 8 Characters.
[ERROR] 2020-01-13 20:48:29.855 [main] PasswordOk - Try again: Password does not have a digit.
[ERROR] 2020-01-13 20:48:29.856 [main] PasswordOk - Try again: Password does not have lowercase.
[ERROR] 2020-01-13 20:48:29.857 [main] PasswordOk - Try again: Password does not have special character.
[ERROR] 2020-01-13 20:48:45.640 [main] PasswordOk - Try again: Password Should be longer than 8 Characters.
[ERROR] 2020-01-13 20:48:45.647 [main] PasswordOk - Try again: Password does not have a digit.
[ERROR] 2020-01-13 20:48:45.647 [main] PasswordOk - Try again: Password does not have lowercase.
[ERROR] 2020-01-13 20:48:45.647 [main] PasswordOk - Try again: Password does not have special character.
[ERROR] 2020-01-13 20:48:55.463 [main] PasswordOk - Try again: Password Should be longer than 8 Characters.
[ERROR] 2020-01-13 20:48:55.466 [main] PasswordOk - Try again: Password does not have a digit.
[ERROR] 2020-01-13 20:48:55.466 [main] PasswordOk - Try again: Password does not have lowercase.
[ERROR] 2020-01-13 20:48:55.467 [main] PasswordOk - Try again: Password does not have special character.
[ERROR ] 2020-01-13 20:49:07.260 [main] PasswordOk - Try again: Password Should be longer than 8 Characters.
[ERROR ] 2020-01-13 20:49:07.278 [main] PasswordOk - Try again: Password does not have a digit.
[ERROR ] 2020-01-13 20:49:07.278 [main] PasswordOk - Try again: Password does not have lowercase.
[ERROR ] 2020-01-13 20:49:07.279 [main] PasswordOk - Try again: Password does not have special character.
[ERROR  ] 2020-01-13 20:51:47.374 [main] PasswordOk - Try again: Password Should be longer than 8 Characters.
[ERROR  ] 2020-01-13 20:51:47.387 [main] PasswordOk - Try again: Password does not have a digit.
[ERROR  ] 2020-01-13 20:51:47.387 [main] PasswordOk - Try again: Password does not have lowercase.
[ERROR  ] 2020-01-13 20:51:47.388 [main] PasswordOk - Try again: Password does not have special character.
[ERROR  ] 2020-01-13 20:59:56.951 [main] PasswordOk - Try again: Password Should be longer than 8 Characters.
[ERROR  ] 2020-01-13 20:59:56.967 [main] PasswordOk - Try again: Password does not have a digit.
[ERROR  ] 2020-01-13 20:59:56.968 [main] PasswordOk - Try again: Password does not have lowercase.
[ERROR  ] 2020-01-13 20:59:56.968 [main] PasswordOk - Try again: Password does not have special character.
[ERROR] 2020-01-13 21:00:13.520 [main] PasswordOk - Try again: Password Should be longer than 8 Characters.
[ERROR] 2020-01-13 21:00:13.534 [main] PasswordOk - Try again: Password does not have a digit.
[ERROR] 2020-01-13 21:00:13.535 [main] PasswordOk - Try again: Password does not have lowercase.
[ERROR] 2020-01-13 21:00:13.535 [main] PasswordOk - Try again: Password does not have special character.
[ERROR] 2020-01-13 21:00:45.804 [main] PasswordOk - Try again: Password Should be longer than 8 Characters.
[ERROR] 2020-01-13 21:00:45.815 [main] PasswordOk - Try again: Password does not have a digit.
[ERROR] 2020-01-13 21:00:45.816 [main] PasswordOk - Try again: Password does not have lowercase.
[ERROR] 2020-01-13 21:00:45.816 [main] PasswordOk - Try again: Password does not have special character.
[DEBUG] 2020-01-13 21:00:45.817 [main] PasswordOk - User password is not okay.
[ERROR] 2020-01-13 21:03:15.678 [main] PasswordOk - Try again: Password Should be longer than 8 Characters.
[ERROR] 2020-01-13 21:03:15.710 [main] PasswordOk - Try again: Password does not have a digit.
[ERROR] 2020-01-13 21:03:15.711 [main] PasswordOk - Try again: Password does not have lowercase.
[ERROR] 2020-01-13 21:03:15.712 [main] PasswordOk - Try again: Password does not have special character.
[ERROR] 2020-01-13 21:04:06.935 [main] PasswordOk - Try again: Password Should be longer than 8 Characters.
[ERROR] 2020-01-13 21:04:06.969 [main] PasswordOk - Try again: Password does not have a digit.
[ERROR] 2020-01-13 21:04:06.970 [main] PasswordOk - Try again: Password does not have lowercase.
[ERROR] 2020-01-13 21:04:06.971 [main] PasswordOk - Try again: Password does not have special character.
[ERROR] 2020-01-14 11:11:50.252 [main] PasswordOk - Try again: Password Should be longer than 8 Characters.
[ERROR] 2020-01-14 11:16:39.743 [Test worker] PasswordOk - Try again: Password Should be longer than 8 Characters.
[ERROR] 2020-01-14 11:22:35.558 [main] PasswordOk - Try again: Password Should exist.
Try again: Password Should be longer than 8 Characters.
Try again: Password does not have a digit.
Try again: Password does not have uppercase.
Try again: Password does not have lowercase.
Try again: Password does not have special character.

[ERROR] 2020-01-14 11:36:29.760 [Test worker] PasswordOk - Try again: Password Should exist.
[ERROR] 2020-01-14 11:36:29.782 [Test worker] PasswordOk - Try again: Password Should be longer than 8 Characters.
[ERROR] 2020-01-14 11:36:29.783 [Test worker] PasswordOk - Try again: Password does not have a digit.
[ERROR] 2020-01-14 11:36:29.783 [Test worker] PasswordOk - Try again: Password does not have uppercase.
[ERROR] 2020-01-14 11:36:29.786 [Test worker] PasswordOk - Try again: Password does not have lowercase.
[ERROR] 2020-01-14 11:36:29.787 [Test worker] PasswordOk - Try again: Password does not have special character.
[ERROR] 2020-01-14 11:39:41.071 [Test worker] PasswordOk - Try again: Password Should exist.
[ERROR] 2020-01-14 11:39:41.093 [Test worker] PasswordOk - Try again: Password Should be longer than 8 Characters.
[ERROR] 2020-01-14 11:39:41.094 [Test worker] PasswordOk - Try again: Password does not have a digit.
[ERROR] 2020-01-14 11:39:41.094 [Test worker] PasswordOk - Try again: Password does not have uppercase.
[ERROR] 2020-01-14 11:39:41.096 [Test worker] PasswordOk - Try again: Password does not have lowercase.
[ERROR] 2020-01-14 11:39:41.097 [Test worker] PasswordOk - Try again: Password does not have special character.
[ERROR] 2020-01-14 11:39:59.615 [Test worker] PasswordOk - Try again: Password Should exist.
[ERROR] 2020-01-14 11:39:59.623 [Test worker] PasswordOk - Try again: Password Should be longer than 8 Characters.
[ERROR] 2020-01-14 11:39:59.624 [Test worker] PasswordOk - Try again: Password does not have a digit.
[ERROR] 2020-01-14 11:39:59.627 [Test worker] PasswordOk - Try again: Password does not have uppercase.
[ERROR] 2020-01-14 11:39:59.629 [Test worker] PasswordOk - Try again: Password does not have lowercase.
[ERROR] 2020-01-14 11:39:59.630 [Test worker] PasswordOk - Try again: Password does not have special character.
[ERROR] 2020-01-14 11:42:04.033 [Test worker] PasswordOk - Try again: Password Should exist.
[ERROR] 2020-01-14 11:42:04.043 [Test worker] PasswordOk - Try again: Password Should be longer than 8 Characters.
[ERROR] 2020-01-14 11:42:04.044 [Test worker] PasswordOk - Try again: Password does not have a digit.
[ERROR] 2020-01-14 11:42:04.048 [Test worker] PasswordOk - Try again: Password does not have uppercase.
[ERROR] 2020-01-14 11:42:04.051 [Test worker] PasswordOk - Try again: Password does not have lowercase.
[ERROR] 2020-01-14 11:42:04.055 [Test worker] PasswordOk - Try again: Password does not have special character.
[ERROR] 2020-01-14 11:43:07.904 [Test worker] PasswordOk - Try again: Password Should exist.
[ERROR] 2020-01-14 11:43:07.913 [Test worker] PasswordOk - Try again: Password Should be longer than 8 Characters.
[ERROR] 2020-01-14 11:43:07.914 [Test worker] PasswordOk - Try again: Password does not have a digit.
[ERROR] 2020-01-14 11:43:07.914 [Test worker] PasswordOk - Try again: Password does not have uppercase.
[ERROR] 2020-01-14 11:43:07.915 [Test worker] PasswordOk - Try again: Password does not have lowercase.
[ERROR] 2020-01-14 11:43:07.921 [Test worker] PasswordOk - Try again: Password does not have special character.
[ERROR] 2020-01-14 11:43:24.359 [Test worker] PasswordOk - Try again: Password Should exist.
[ERROR] 2020-01-14 11:43:24.368 [Test worker] PasswordOk - Try again: Password Should be longer than 8 Characters.
[ERROR] 2020-01-14 11:43:24.370 [Test worker] PasswordOk - Try again: Password does not have a digit.
[ERROR] 2020-01-14 11:43:24.371 [Test worker] PasswordOk - Try again: Password does not have uppercase.
[ERROR] 2020-01-14 11:43:24.373 [Test worker] PasswordOk - Try again: Password does not have lowercase.
[ERROR] 2020-01-14 11:43:24.376 [Test worker] PasswordOk - Try again: Password does not have special character.
[ERROR] 2020-01-14 11:46:12.061 [Test worker] PasswordOk - Try again: Password Should be longer than 8 Characters.
[ERROR] 2020-01-14 11:46:12.088 [Test worker] PasswordOk - Try again: Password does not have a digit.
[ERROR] 2020-01-14 11:46:12.089 [Test worker] PasswordOk - Try again: Password does not have uppercase.
[ERROR] 2020-01-14 11:46:12.090 [Test worker] PasswordOk - Try again: Password does not have lowercase.
[ERROR] 2020-01-14 11:46:12.090 [Test worker] PasswordOk - Try again: Password does not have special character.
[ERROR] 2020-01-14 11:46:58.358 [Test worker] PasswordOk - Try again: Password Should exist.
[ERROR] 2020-01-14 11:46:58.371 [Test worker] PasswordOk - Try again: Password Should be longer than 8 Characters.
[ERROR] 2020-01-14 11:46:58.372 [Test worker] PasswordOk - Try again: Password does not have a digit.
[ERROR] 2020-01-14 11:46:58.372 [Test worker] PasswordOk - Try again: Password does not have uppercase.
[ERROR] 2020-01-14 11:46:58.373 [Test worker] PasswordOk - Try again: Password does not have lowercase.
[ERROR] 2020-01-14 11:46:58.374 [Test worker] PasswordOk - Try again: Password does not have special character.
[ERROR] 2020-01-14 11:47:52.569 [Test worker] PasswordOk - Try again: Password Should be longer than 8 Characters.
[ERROR] 2020-01-14 11:47:52.589 [Test worker] PasswordOk - Try again: Password does not have a digit.
[ERROR] 2020-01-14 11:47:52.590 [Test worker] PasswordOk - Try again: Password does not have uppercase.
[ERROR] 2020-01-14 11:47:52.591 [Test worker] PasswordOk - Try again: Password does not have special character.
[ERROR] 2020-01-14 11:49:05.066 [Test worker] PasswordOk - Try again: Password Should be longer than 8 Characters.
[ERROR] 2020-01-14 11:49:05.086 [Test worker] PasswordOk - Try again: Password does not have a digit.
[ERROR] 2020-01-14 11:49:05.087 [Test worker] PasswordOk - Try again: Password does not have uppercase.
[ERROR] 2020-01-14 11:49:05.088 [Test worker] PasswordOk - Try again: Password does not have lowercase.
[ERROR] 2020-01-14 11:49:05.090 [Test worker] PasswordOk - Try again: Password does not have special character.
[ERROR] 2020-01-14 12:41:38.232 [Test worker] PasswordOk - Try again: Password Should be longer than 8 Characters.
[ERROR] 2020-01-14 12:41:38.252 [Test worker] PasswordOk - Try again: Password does not have a digit.
[ERROR] 2020-01-14 12:41:38.252 [Test worker] PasswordOk - Try again: Password does not have uppercase.
[ERROR] 2020-01-14 12:41:38.253 [Test worker] PasswordOk - Try again: Password does not have special character.
[ERROR] 2020-01-14 12:48:53.867 [Test worker] PasswordOk - Try again: Password Should be longer than 8 Characters.
[ERROR] 2020-01-14 12:48:53.898 [Test worker] PasswordOk - Try again: Password does not have a digit.
[ERROR] 2020-01-14 12:48:53.899 [Test worker] PasswordOk - Try again: Password does not have uppercase.
[ERROR] 2020-01-14 12:48:53.899 [Test worker] PasswordOk - Try again: Password does not have special character.
[ERROR] 2020-01-14 12:53:10.384 [Test worker] PasswordOk - Try again: Password Should be longer than 8 Characters.
[ERROR] 2020-01-14 12:53:10.402 [Test worker] PasswordOk - Try again: Password Should be longer than 8 Characters.
[ERROR] 2020-01-14 12:53:49.122 [Test worker] PasswordOk - Try again: Password Should be longer than 8 Characters.
[ERROR] 2020-01-14 12:53:49.148 [Test worker] PasswordOk - Try again: Password Should be longer than 8 Characters.
[ERROR] 2020-01-14 12:54:07.263 [Test worker] PasswordOk - Try again: Password Should be longer than 8 Characters.
[ERROR] 2020-01-14 12:54:07.271 [Test worker] PasswordOk - Try again: Password Should be longer than 8 Characters.
[ERROR] 2020-01-14 12:57:17.538 [Test worker] PasswordOk - Try again: Password Should be longer than 8 Characters.
[ERROR] 2020-01-14 12:57:17.559 [Test worker] PasswordOk - Try again: Password Should be longer than 8 Characters.
[ERROR] 2020-01-14 12:58:26.975 [main] PasswordOk - Try again: Password Should be longer than 8 Characters.
[ERROR] 2020-01-14 13:00:27.889 [Test worker] PasswordOk - Try again: Password Should exist.
[ERROR] 2020-01-14 13:00:27.919 [Test worker] PasswordOk - Try again: Password Should be longer than 8 Characters.
[ERROR] 2020-01-14 13:00:27.921 [Test worker] PasswordOk - Try again: Password does not have a digit.
[ERROR] 2020-01-14 13:00:27.925 [Test worker] PasswordOk - Try again: Password does not have uppercase.
[ERROR] 2020-01-14 13:00:27.932 [Test worker] PasswordOk - Try again: Password does not have lowercase.
[ERROR] 2020-01-14 13:00:27.933 [Test worker] PasswordOk - Try again: Password does not have special character.
[ERROR] 2020-01-14 13:00:27.939 [Test worker] PasswordOk - Try again: Password Should be longer than 8 Characters.
[ERROR] 2020-01-14 13:00:27.940 [Test worker] PasswordOk - Try again: Password does not have a digit.
[ERROR] 2020-01-14 13:00:27.941 [Test worker] PasswordOk - Try again: Password does not have uppercase.
[ERROR] 2020-01-14 13:00:27.942 [Test worker] PasswordOk - Try again: Password does not have lowercase.
[ERROR] 2020-01-14 13:00:27.943 [Test worker] PasswordOk - Try again: Password does not have special character.
[ERROR] 2020-01-14 13:01:03.575 [main] PasswordOk - Try again: Password Should be longer than 8 Characters.
[ERROR] 2020-01-14 13:03:28.478 [main] PasswordOk - Try again: Password Should exist.
[ERROR] 2020-01-14 13:03:28.498 [main] PasswordOk - Try again: Password Should be longer than 8 Characters.
[ERROR] 2020-01-14 13:03:28.499 [main] PasswordOk - Try again: Password does not have a digit.
[ERROR] 2020-01-14 13:03:28.499 [main] PasswordOk - Try again: Password does not have uppercase.
[ERROR] 2020-01-14 13:03:28.500 [main] PasswordOk - Try again: Password does not have lowercase.
[ERROR] 2020-01-14 13:03:28.500 [main] PasswordOk - Try again: Password does not have special character.
[ERROR] 2020-01-14 13:04:02.463 [main] PasswordOk - Try again: Password Should exist.
[ERROR] 2020-01-14 13:04:02.476 [main] PasswordOk - Try again: Password Should be longer than 8 Characters.
[ERROR] 2020-01-14 13:04:02.477 [main] PasswordOk - Try again: Password does not have a digit.
[ERROR] 2020-01-14 13:04:02.477 [main] PasswordOk - Try again: Password does not have uppercase.
[ERROR] 2020-01-14 13:04:02.477 [main] PasswordOk - Try again: Password does not have lowercase.
[ERROR] 2020-01-14 13:04:02.477 [main] PasswordOk - Try again: Password does not have special character.
[ERROR] 2020-01-14 13:06:03.790 [main] PasswordOk - Try again: Password Should exist.
[ERROR] 2020-01-14 13:06:03.817 [main] PasswordOk - Try again: Password Should be longer than 8 Characters.
[ERROR] 2020-01-14 13:06:03.817 [main] PasswordOk - Try again: Password Should exist.
Try again: Password Should be longer than 8 Characters.
Try again: Password does not have a digit.
Try again: Password does not have uppercase.
Try again: Password does not have lowercase.
Try again: Password does not have special character.
[ERROR] 2020-01-14 13:06:31.877 [main] PasswordOk - Try again: Password Should exist.
Try again: Password Should be longer than 8 Characters.
Try again: Password does not have a digit.
Try again: Password does not have uppercase.
Try again: Password does not have lowercase.
Try again: Password does not have special character.
[ERROR] 2020-01-14 13:07:33.875 [main] PasswordOk - Try again: Password Should exist.
[ERROR] 2020-01-14 13:07:33.887 [main] PasswordOk - Try again: Password Should be longer than 8 Characters.
[ERROR] 2020-01-14 13:07:33.888 [main] PasswordOk - Try again: Password does not have a digit.
[ERROR] 2020-01-14 13:07:33.888 [main] PasswordOk - Try again: Password does not have uppercase.
[ERROR] 2020-01-14 13:07:33.888 [main] PasswordOk - Try again: Password does not have lowercase.
[ERROR] 2020-01-14 13:07:33.888 [main] PasswordOk - Try again: Password does not have special character.
[ERROR] 2020-01-14 13:11:47.316 [main] PasswordOk - Try again: Password Should exist.
[ERROR] 2020-01-14 13:11:47.334 [main] PasswordOk - Try again: Password Should be longer than 8 Characters.
[ERROR] 2020-01-14 13:11:47.334 [main] PasswordOk - Try again: Password does not have a digit.
[ERROR] 2020-01-14 13:11:47.335 [main] PasswordOk - Try again: Password does not have uppercase.
[ERROR] 2020-01-14 13:11:47.335 [main] PasswordOk - Try again: Password does not have lowercase.
[ERROR] 2020-01-14 13:11:47.336 [main] PasswordOk - Try again: Password does not have special character.
[DEBUG] 2020-01-14 13:11:47.336 [main] PasswordOk - User password is not okay.
[ERROR] 2020-01-14 13:12:07.951 [main] PasswordOk - Try again: Password Should exist.
[ERROR] 2020-01-14 13:12:07.969 [main] PasswordOk - Try again: Password Should be longer than 8 Characters.
[ERROR] 2020-01-14 13:12:07.970 [main] PasswordOk - Try again: Password does not have a digit.
[ERROR] 2020-01-14 13:12:07.970 [main] PasswordOk - Try again: Password does not have uppercase.
[ERROR] 2020-01-14 13:12:07.971 [main] PasswordOk - Try again: Password does not have lowercase.
[ERROR] 2020-01-14 13:12:07.972 [main] PasswordOk - Try again: Password does not have special character.
[DEBUG] 2020-01-14 13:12:07.973 [main] PasswordOk - User password is not okay.
[ERROR] 2020-01-14 13:12:12.619 [Test worker] PasswordOk - Try again: Password Should be longer than 8 Characters.
[ERROR] 2020-01-14 13:12:12.627 [Test worker] PasswordOk - Try again: Password Should be longer than 8 Characters.
[ERROR] 2020-01-14 13:12:47.562 [Test worker] PasswordOk - Try again: Password Should be longer than 8 Characters.
[ERROR] 2020-01-14 13:12:47.585 [Test worker] PasswordOk - Try again: Password Should be longer than 8 Characters.
[ERROR] 2020-01-14 13:13:20.333 [Test worker] PasswordOk - Try again: Password Should be longer than 8 Characters.
[DEBUG] 2020-01-14 13:16:08.891 [Test worker] PasswordOk - User password is okay.
[ERROR] 2020-01-14 13:20:12.812 [Test worker] PasswordOk - Try again: Password Should exist.
[ERROR] 2020-01-14 13:20:12.831 [Test worker] PasswordOk - Try again: Password Should be longer than 8 Characters.
[ERROR] 2020-01-14 13:20:12.832 [Test worker] PasswordOk - Try again: Password does not have a digit.
[ERROR] 2020-01-14 13:20:12.833 [Test worker] PasswordOk - Try again: Password does not have uppercase.
[ERROR] 2020-01-14 13:20:12.834 [Test worker] PasswordOk - Try again: Password does not have lowercase.
[ERROR] 2020-01-14 13:20:12.835 [Test worker] PasswordOk - Try again: Password does not have special character.
[ERROR] 2020-01-14 13:22:01.017 [Test worker] PasswordOk - 
[ERROR] 2020-01-14 13:24:33.600 [Test worker] PasswordOk - Try again: Password Should exist.Try again: Password Should be longer than 8 Characters.Try again: Password does not have a digit.Try again: Password does not have uppercase.Try again: Password does not have lowercase.Try again: Password does not have special character.
[ERROR] 2020-01-14 13:25:01.199 [Test worker] PasswordOk - Try again: Password Should exist.Try again: Password Should be longer than 8 Characters.Try again: Password does not have a digit.Try again: Password does not have uppercase.Try again: Password does not have lowercase.Try again: Password does not have special character.
[ERROR] 2020-01-14 13:25:33.868 [Test worker] PasswordOk - Try again: Password Should exist.
Try again: Password Should be longer than 8 Characters.
Try again: Password does not have a digit.
Try again: Password does not have uppercase.
Try again: Password does not have lowercase.
Try again: Password does not have special character.
[ERROR] 2020-01-14 13:27:23.574 [Test worker] PasswordOk - Try again: Password Should be longer than 8 Characters.
Try again: Password does not have a digit.
Try again: Password does not have uppercase.
Try again: Password does not have special character.
[ERROR] 2020-01-14 13:27:36.006 [Test worker] PasswordOk - Try again: Password Should be longer than 8 Characters.

[ERROR] 2020-01-14 13:27:36.030 [Test worker] PasswordOk - Try again: Password does not have a digit.

[ERROR] 2020-01-14 13:27:36.032 [Test worker] PasswordOk - Try again: Password does not have uppercase.

[ERROR] 2020-01-14 13:27:36.033 [Test worker] PasswordOk - Try again: Password does not have lowercase.

[ERROR] 2020-01-14 13:27:36.034 [Test worker] PasswordOk - Try again: Password does not have special character.
[DEBUG] 2020-01-14 13:28:20.680 [Test worker] PasswordOk - User password is okay.
[ERROR] 2020-01-14 13:29:18.085 [Test worker] PasswordOk - Try again: Password Should be longer than 8 Characters.

[DEBUG] 2020-01-14 13:29:18.105 [Test worker] PasswordOk - User password is okay.
[ERROR] 2020-01-14 13:29:41.440 [Test worker] PasswordOk - Try again: Password Should be longer than 8 Characters.

[ERROR] 2020-01-14 13:29:41.448 [Test worker] PasswordOk - Try again: Password Should be longer than 8 Characters.

[ERROR] 2020-01-14 13:30:58.359 [Test worker] PasswordOk - Try again: Password Should be longer than 8 Characters.

[ERROR] 2020-01-14 13:30:58.411 [Test worker] PasswordOk - Try again: Password Should be longer than 8 Characters.

[ERROR] 2020-01-14 13:31:20.463 [Test worker] PasswordOk - Try again: Password Should be longer than 8 Characters.

[ERROR] 2020-01-14 13:31:20.479 [Test worker] PasswordOk - Try again: Password Should be longer than 8 Characters.

[DEBUG] 2020-01-14 13:33:57.278 [Test worker] PasswordOk - User password is okay.
[DEBUG] 2020-01-14 13:47:11.607 [Test worker] PasswordOk - User password is okay.
[DEBUG] 2020-01-14 13:49:59.294 [Test worker] PasswordOk - User password is okay.

[DEBUG] 2020-01-14 13:50:35.480 [Test worker] PasswordOk - User password is okay.
[DEBUG] 2020-01-14 13:51:10.459 [Test worker] PasswordOk - User password is okay.
[DEBUG] 2020-01-14 13:52:23.607 [Test worker] PasswordOk - User password is okay.
[DEBUG] 2020-01-14 13:57:41.919 [Test worker] PasswordOk - User password is okay.
[ERROR] 2020-01-14 14:06:45.614 [Test worker] PasswordOk - Try again: Password Should be longer than 8 Characters.

[DEBUG] 2020-01-14 14:06:45.634 [Test worker] PasswordOk - User password is okay.
[ERROR] 2020-01-14 14:07:13.113 [Test worker] PasswordOk - Try again: Password Should be longer than 8 Characters.
Try again: Password does not have a digit.
Try again: Password does not have uppercase.
Try again: Password does not have special character.
[DEBUG] 2020-01-14 14:07:13.136 [Test worker] PasswordOk - User password is not okay.
[ERROR] 2020-01-14 14:08:40.146 [Test worker] PasswordOk - Try again: Password Should be longer than 8 Characters.
Try again: Password does not have a digit.
Try again: Password does not have uppercase.
Try again: Password does not have special character.
[DEBUG] 2020-01-14 14:08:40.173 [Test worker] PasswordOk - User password is not okay.
[ERROR] 2020-01-14 15:14:33.468 [Test worker] PasswordOk - Try again: Password Should be longer than 8 Characters.
Try again: Password does not have a digit.
Try again: Password does not have uppercase.
Try again: Password does not have special character.
[DEBUG] 2020-01-14 15:14:33.488 [Test worker] PasswordOk - User password is not okay.
[ERROR] 2020-01-14 15:17:52.112 [Test worker] PasswordOk - Try again: Password Should be longer than 8 Characters.
Try again: Password does not have a digit.
Try again: Password does not have uppercase.
Try again: Password does not have special character.
[DEBUG] 2020-01-14 15:17:52.132 [Test worker] PasswordOk - User password is not okay.
[ERROR] 2020-01-14 15:18:10.874 [Test worker] PasswordOk - Try again: Password Should be longer than 8 Characters.
Try again: Password does not have a digit.
Try again: Password does not have uppercase.
Try again: Password does not have special character.
[DEBUG] 2020-01-14 15:18:10.890 [Test worker] PasswordOk - User password is not okay.
[ERROR] 2020-01-14 15:18:21.567 [Test worker] PasswordOk - Try again: Password Should be longer than 8 Characters.
Try again: Password does not have a digit.
Try again: Password does not have uppercase.
Try again: Password does not have special character.
[DEBUG] 2020-01-14 15:18:21.589 [Test worker] PasswordOk - User password is not okay.
[ERROR] 2020-01-14 15:18:55.189 [main] PasswordOk - Try again: Password Should be longer than 8 Characters.
Try again: Password does not have a digit.
Try again: Password does not have uppercase.
Try again: Password does not have special character.
[DEBUG] 2020-01-14 15:18:55.195 [main] PasswordOk - User password is not okay.
[ERROR] 2020-01-14 15:20:12.955 [main] PasswordOk - Try again: Password Should be longer than 8 Characters.
Try again: Password does not have a digit.
Try again: Password does not have uppercase.
Try again: Password does not have special character.
[DEBUG] 2020-01-14 15:20:12.969 [main] PasswordOk - 
[ERROR] 2020-01-14 15:20:28.856 [main] PasswordOk - Try again: Password Should be longer than 8 Characters.
Try again: Password does not have a digit.
Try again: Password does not have uppercase.
Try again: Password does not have special character.
[DEBUG] 2020-01-14 15:20:28.869 [main] PasswordOk - User password is not okay.
